c:\users\lool\pfe\pfe\x64\debug\vc140.pdb
c:\users\lool\pfe\pfe\x64\debug\vc140.idb
c:\users\lool\pfe\pfe\x64\debug\classifier.obj
c:\users\lool\pfe\pfe\x64\debug\composant.obj
c:\users\lool\pfe\pfe\x64\debug\selector.obj
c:\users\lool\pfe\pfe\x64\debug\display.obj
c:\users\lool\pfe\pfe\x64\debug\histogramme.obj
c:\users\lool\pfe\pfe\x64\debug\main_prog.obj
c:\users\lool\pfe\pfe\x64\debug\pretraitement.obj
c:\users\lool\pfe\pfe\x64\debug\segmentation.obj
c:\users\lool\pfe\pfe\x64\debug\tests.obj
c:\users\lool\pfe\pfe\x64\debug\main.obj
c:\users\lool\pfe\x64\debug\pfe.ilk
c:\users\lool\pfe\x64\debug\pfe.exe
c:\users\lool\pfe\x64\debug\pfe.pdb
c:\users\lool\pfe\pfe\x64\debug\pfe.tlog\cl.command.1.tlog
c:\users\lool\pfe\pfe\x64\debug\pfe.tlog\cl.read.1.tlog
c:\users\lool\pfe\pfe\x64\debug\pfe.tlog\cl.write.1.tlog
c:\users\lool\pfe\pfe\x64\debug\pfe.tlog\link.command.1.tlog
c:\users\lool\pfe\pfe\x64\debug\pfe.tlog\link.read.1.tlog
c:\users\lool\pfe\pfe\x64\debug\pfe.tlog\link.write.1.tlog
